-------------------------------------------------------------------------------
Test set: com.casumo.videorentalstore.AcceptanceTests
-------------------------------------------------------------------------------
Tests run: 2, Failures: 0, Errors: 1, Skipped: 0, Time elapsed: 6.33 s <<< FAILURE! - in com.casumo.videorentalstore.AcceptanceTests
shouldRentSeveralFilmsAndCalculatePrice(com.casumo.videorentalstore.AcceptanceTests)  Time elapsed: 0.351 s  <<< ERROR!
org.springframework.web.client.RestClientException: 
Error while extracting response for type [class com.casumo.videorentalstore.rental.application.dto.Rental] and content type [application/json;charset=UTF-8]; nested exception is org.springframework.http.converter.HttpMessageNotReadableException: JSON parse error: Cannot deserialize value of type `com.casumo.videorentalstore.rental.application.dto.RentalStatus` from number 500: index value outside legal index range [0..3]; nested exception is com.fasterxml.jackson.databind.exc.InvalidFormatException: Cannot deserialize value of type `com.casumo.videorentalstore.rental.application.dto.RentalStatus` from number 500: index value outside legal index range [0..3]
 at [Source: (PushbackInputStream); line: 1, column: 54] (through reference chain: com.casumo.videorentalstore.rental.application.dto.Rental["status"])
	at com.casumo.videorentalstore.AcceptanceTests.shouldRentSeveralFilmsAndCalculatePrice(AcceptanceTests.java:55)
Caused by: org.springframework.http.converter.HttpMessageNotReadableException: 
JSON parse error: Cannot deserialize value of type `com.casumo.videorentalstore.rental.application.dto.RentalStatus` from number 500: index value outside legal index range [0..3]; nested exception is com.fasterxml.jackson.databind.exc.InvalidFormatException: Cannot deserialize value of type `com.casumo.videorentalstore.rental.application.dto.RentalStatus` from number 500: index value outside legal index range [0..3]
 at [Source: (PushbackInputStream); line: 1, column: 54] (through reference chain: com.casumo.videorentalstore.rental.application.dto.Rental["status"])
	at com.casumo.videorentalstore.AcceptanceTests.shouldRentSeveralFilmsAndCalculatePrice(AcceptanceTests.java:55)
Caused by: com.fasterxml.jackson.databind.exc.InvalidFormatException: 
Cannot deserialize value of type `com.casumo.videorentalstore.rental.application.dto.RentalStatus` from number 500: index value outside legal index range [0..3]
 at [Source: (PushbackInputStream); line: 1, column: 54] (through reference chain: com.casumo.videorentalstore.rental.application.dto.Rental["status"])
	at com.casumo.videorentalstore.AcceptanceTests.shouldRentSeveralFilmsAndCalculatePrice(AcceptanceTests.java:55)

